<?xml version="1.0" encoding="UTF-8"?>
<!-- Generated by org.testng.reporters.JUnitXMLReporter -->
<testsuite ignored="0" hostname="LAPTOP-DJHACNBA" failures="0" tests="10" name="Default test" time="124.461" errors="0" timestamp="2022-06-12T13:51:21 IST">
  <testcase classname="Tests.Test_cases" name="launch_calcluator" time="7.822"/>
  <testcase classname="Tests.Test_cases" name="operate1" time="12.921"/>
  <testcase classname="Tests.Test_cases" name="operate2" time="12.859"/>
  <testcase classname="Tests.Test_cases" name="operate3" time="12.878"/>
  <testcase classname="Tests.Test_cases" name="operate4" time="12.853"/>
  <testcase classname="Tests.Test_cases" name="negativeTest1" time="12.828"/>
  <testcase classname="Tests.Test_cases" name="negativeTest2" time="12.881"/>
  <testcase classname="Tests.Test_cases" name="negativeTest3" time="13.215"/>
  <testcase classname="Tests.Test_cases" name="negativeTest4" time="13.193"/>
  <testcase classname="Tests.Test_cases" name="negativeTest5" time="12.852"/>
</testsuite> <!-- Default test -->
