<?xml version="1.0" encoding="UTF-8"?>
<!-- Generated by org.testng.reporters.JUnitXMLReporter -->
<testsuite ignored="0" hostname="LAPTOP-DJHACNBA" failures="0" tests="4" name="Test" time="7.492" errors="0" timestamp="2022-06-15T12:48:05 IST">
  <testcase classname="PulseiD.Delete" name="delete_data" time="3.604"/>
  <testcase classname="PulseiD.Update" name="update_data" time="1.932"/>
  <testcase classname="PulseiD.Create" name="create_data" time="0.879"/>
  <testcase classname="PulseiD.Read" name="get_data" time="0.963"/>
</testsuite> <!-- Test -->
