<?xml version="1.0" encoding="UTF-8"?>
<!-- Generated by org.testng.reporters.JUnitXMLReporter -->
<testsuite ignored="0" hostname="LAPTOP-DJHACNBA" failures="0" tests="10" name="Test" time="124.421" errors="0" timestamp="2022-06-15T13:29:41 IST">
  <testcase classname="Tests.Test_cases" name="launch_calcluator" time="7.599"/>
  <testcase classname="Tests.Test_cases" name="operate1" time="12.948"/>
  <testcase classname="Tests.Test_cases" name="operate2" time="12.876"/>
  <testcase classname="Tests.Test_cases" name="operate3" time="12.866"/>
  <testcase classname="Tests.Test_cases" name="operate4" time="12.947"/>
  <testcase classname="Tests.Test_cases" name="positivedevide_byzero" time="12.835"/>
  <testcase classname="Tests.Test_cases" name="dividingzero_byzero" time="12.876"/>
  <testcase classname="Tests.Test_cases" name="postivemultiply_bynegative" time="13.203"/>
  <testcase classname="Tests.Test_cases" name="adding_negative" time="13.231"/>
  <testcase classname="Tests.Test_cases" name="substracting_negative" time="12.909"/>
</testsuite> <!-- Test -->
